<?xml version="1.0" encoding="UTF-8"?>
<testsuite xmlns:xsi="http://www.w3.org/2001/XMLSchema-instance" xsi:noNamespaceSchemaLocation="https://maven.apache.org/surefire/maven-surefire-plugin/xsd/surefire-test-report.xsd" name="TestSuite" time="35.626" tests="26" errors="0" skipped="23" failures="3">
  <properties>
    <property name="gopherProxySet" value="false"/>
    <property name="awt.toolkit" value="sun.lwawt.macosx.LWCToolkit"/>
    <property name="java.specification.version" value="11"/>
    <property name="sun.cpu.isalist" value=""/>
    <property name="sun.jnu.encoding" value="UTF-8"/>
    <property name="java.class.path" value="/Applications/IntelliJ IDEA Edu.app/Contents/plugins/maven/lib/maven3/boot/plexus-classworlds.license:/Applications/IntelliJ IDEA Edu.app/Contents/plugins/maven/lib/maven3/boot/plexus-classworlds-2.6.0.jar"/>
    <property name="java.vm.vendor" value="Oracle Corporation"/>
    <property name="sun.arch.data.model" value="64"/>
    <property name="java.vendor.url" value="https://openjdk.java.net/"/>
    <property name="user.timezone" value="America/Montevideo"/>
    <property name="maven.conf" value="/Applications/IntelliJ IDEA Edu.app/Contents/plugins/maven/lib/maven3/conf"/>
    <property name="os.name" value="Mac OS X"/>
    <property name="java.vm.specification.version" value="11"/>
    <property name="sun.java.launcher" value="SUN_STANDARD"/>
    <property name="user.country" value="UY"/>
    <property name="sun.boot.library.path" value="/Library/Java/JavaVirtualMachines/jdk-11.0.7.jdk/Contents/Home/lib"/>
    <property name="sun.java.command" value="org.codehaus.classworlds.Launcher -Didea.version2020.1.2 test"/>
    <property name="http.nonProxyHosts" value="local|*.local|169.254/16|*.169.254/16"/>
    <property name="jdk.debug" value="release"/>
    <property name="maven.home" value="/Applications/IntelliJ IDEA Edu.app/Contents/plugins/maven/lib/maven3"/>
    <property name="sun.cpu.endian" value="little"/>
    <property name="user.home" value="/Users/emilianorodriguez"/>
    <property name="user.language" value="en"/>
    <property name="java.specification.vendor" value="Oracle Corporation"/>
    <property name="java.version.date" value="2020-04-14"/>
    <property name="java.home" value="/Library/Java/JavaVirtualMachines/jdk-11.0.7.jdk/Contents/Home"/>
    <property name="file.separator" value="/"/>
    <property name="java.vm.compressedOopsMode" value="Zero based"/>
    <property name="line.separator" value="&#10;"/>
    <property name="java.specification.name" value="Java Platform API Specification"/>
    <property name="java.vm.specification.vendor" value="Oracle Corporation"/>
    <property name="java.awt.graphicsenv" value="sun.awt.CGraphicsEnvironment"/>
    <property name="idea.version2020.1.2" value="true"/>
    <property name="sun.management.compiler" value="HotSpot 64-Bit Tiered Compilers"/>
    <property name="ftp.nonProxyHosts" value="local|*.local|169.254/16|*.169.254/16"/>
    <property name="java.runtime.version" value="11.0.7+8-LTS"/>
    <property name="user.name" value="emilianorodriguez"/>
    <property name="path.separator" value=":"/>
    <property name="os.version" value="10.15.7"/>
    <property name="java.runtime.name" value="Java(TM) SE Runtime Environment"/>
    <property name="file.encoding" value="UTF-8"/>
    <property name="guice.disable.misplaced.annotation.check" value="true"/>
    <property name="java.vm.name" value="Java HotSpot(TM) 64-Bit Server VM"/>
    <property name="java.vendor.version" value="18.9"/>
    <property name="maven.ext.class.path" value="/Applications/IntelliJ IDEA Edu.app/Contents/plugins/maven/lib/maven-event-listener.jar"/>
    <property name="java.vendor.url.bug" value="https://bugreport.java.com/bugreport/"/>
    <property name="java.io.tmpdir" value="/var/folders/0m/gb7z83vd0cj1xmtytxxw2tgm0000gn/T/"/>
    <property name="java.version" value="11.0.7"/>
    <property name="user.dir" value="/Users/emilianorodriguez/Desktop/AskmeAutomation"/>
    <property name="os.arch" value="x86_64"/>
    <property name="maven.multiModuleProjectDirectory" value="/Users/emilianorodriguez/Desktop/AskmeAutomation"/>
    <property name="java.vm.specification.name" value="Java Virtual Machine Specification"/>
    <property name="java.awt.printerjob" value="sun.lwawt.macosx.CPrinterJob"/>
    <property name="sun.os.patch.level" value="unknown"/>
    <property name="java.library.path" value="/Users/emilianorodriguez/Library/Java/Extensions:/Library/Java/Extensions:/Network/Library/Java/Extensions:/System/Library/Java/Extensions:/usr/lib/java:."/>
    <property name="java.vendor" value="Oracle Corporation"/>
    <property name="java.vm.info" value="mixed mode"/>
    <property name="java.vm.version" value="11.0.7+8-LTS"/>
    <property name="classworlds.conf" value="/Applications/IntelliJ IDEA Edu.app/Contents/plugins/maven/lib/maven3/bin/m2.conf"/>
    <property name="sun.io.unicode.encoding" value="UnicodeBig"/>
    <property name="java.class.version" value="55.0"/>
    <property name="socksNonProxyHosts" value="local|*.local|169.254/16|*.169.254/16"/>
  </properties>
  <testcase name="loginWithInvalidEmail" classname="org.example.LoginPageCases" time="4.329">
    <failure message="Could not initialize class org.openqa.selenium.WebDriverException" type="java.lang.NoClassDefFoundError">java.lang.NoClassDefFoundError: Could not initialize class org.openqa.selenium.WebDriverException
	at org.example.LoginPageCases.loginWithInvalidEmail(LoginPageCases.java:57)
</failure>
    <system-out><![CDATA[firefox
firefox
firefox
firefox
**************
Screenshot stored at: /Users/emilianorodriguez/Desktop/AskmeAutomation/screenshots/validateLoginFlow-Thu_Oct_08_16_55_56_UYT_2020.png
**************
**************
Screenshot stored at: /Users/emilianorodriguez/Desktop/AskmeAutomation/screenshots/loginWithInvalidEmail-Thu_Oct_08_16_55_56_UYT_2020.png
**************
]]></system-out>
    <system-err><![CDATA[1602186935185	mozrunner::runner	INFO	Running command: "/Applications/Firefox.app/Contents/MacOS/firefox-bin" "-marionette" "-foreground" "-no-remote" "-profile" "/var/folders/0m/gb7z83vd0cj1xmtytxxw2tgm0000gn/T/rust_mozprofilemFQBFb"
1602186935212	mozrunner::runner	INFO	Running command: "/Applications/Firefox.app/Contents/MacOS/firefox-bin" "-marionette" "-foreground" "-no-remote" "-profile" "/var/folders/0m/gb7z83vd0cj1xmtytxxw2tgm0000gn/T/rust_mozprofilegcoN5P"
1602186947056	Marionette	INFO	Listening on port 54532
1602186947056	Marionette	INFO	Listening on port 54533
1602186947109	Marionette	WARN	TLS certificate errors will be ignored for this session
1602186947112	Marionette	WARN	TLS certificate errors will be ignored for this session
Oct 08, 2020 4:55:47 PM org.openqa.selenium.remote.ProtocolHandshake createSession
INFO: Detected dialect: W3C
Oct 08, 2020 4:55:47 PM org.openqa.selenium.remote.ProtocolHandshake createSession
INFO: Detected dialect: W3C
1602186954774	mozrunner::runner	INFO	Running command: "/Applications/Firefox.app/Contents/MacOS/firefox-bin" "-marionette" "-foreground" "-no-remote" "-profile" "/var/folders/0m/gb7z83vd0cj1xmtytxxw2tgm0000gn/T/rust_mozprofilecc4BJN"
1602186954971	mozrunner::runner	INFO	Running command: "/Applications/Firefox.app/Contents/MacOS/firefox-bin" "-marionette" "-foreground" "-no-remote" "-profile" "/var/folders/0m/gb7z83vd0cj1xmtytxxw2tgm0000gn/T/rust_mozprofile23U0GC"
]]></system-err>
  </testcase>
  <testcase name="loginWithInvalidEmail" classname="org.example.LoginPageCases" time="0">
    <skipped message="&#10;Can inject only one of &lt;ITestContext, XmlTest, Method, Object[], ITestResult&gt; into a @AfterMethod annotated tearDown.&#10;For more information on native dependency injection please refer to http://testng.org/doc/documentation-main.html#native-dependency-injection"/>
  </testcase>
  <testcase name="loginWithInvalidEmail" classname="org.example.LoginPageCases" time="0">
    <skipped message="&#10;Can inject only one of &lt;ITestContext, XmlTest, Method, Object[], ITestResult&gt; into a @AfterMethod annotated tearDown.&#10;For more information on native dependency injection please refer to http://testng.org/doc/documentation-main.html#native-dependency-injection"/>
  </testcase>
  <testcase name="loginWithInvalidEmail" classname="org.example.LoginPageCases" time="0">
    <skipped message="&#10;Can inject only one of &lt;ITestContext, XmlTest, Method, Object[], ITestResult&gt; into a @AfterMethod annotated tearDown.&#10;For more information on native dependency injection please refer to http://testng.org/doc/documentation-main.html#native-dependency-injection"/>
  </testcase>
  <testcase name="validateLoginFlow" classname="org.example.LoginPageCases" time="4.347">
    <failure message="Could not initialize class org.openqa.selenium.NoSuchElementException" type="java.lang.NoClassDefFoundError">java.lang.NoClassDefFoundError: Could not initialize class org.openqa.selenium.NoSuchElementException
	at org.example.LoginPageCases.validateLoginFlow(LoginPageCases.java:47)
</failure>
  </testcase>
  <testcase name="validateLoginFlow" classname="org.example.LoginPageCases" time="0">
    <skipped message="&#10;Can inject only one of &lt;ITestContext, XmlTest, Method, Object[], ITestResult&gt; into a @AfterMethod annotated tearDown.&#10;For more information on native dependency injection please refer to http://testng.org/doc/documentation-main.html#native-dependency-injection"/>
  </testcase>
  <testcase name="tearDown" classname="org.example.LoginPageCases" time="4.347">
    <failure message="&#10;Can inject only one of &lt;ITestContext, XmlTest, Method, Object[], ITestResult&gt; into a @AfterMethod annotated tearDown.&#10;For more information on native dependency injection please refer to http://testng.org/doc/documentation-main.html#native-dependency-injection" type="org.testng.TestNGException"><![CDATA[org.testng.TestNGException: 

Can inject only one of <ITestContext, XmlTest, Method, Object[], ITestResult> into a @AfterMethod annotated tearDown.
For more information on native dependency injection please refer to http://testng.org/doc/documentation-main.html#native-dependency-injection
]]></failure>
  </testcase>
  <testcase name="tearDown" classname="org.example.LoginPageCases" time="0">
    <skipped/>
  </testcase>
  <testcase name="tearDown" classname="org.example.LoginPageCases" time="0">
    <skipped/>
  </testcase>
  <testcase name="tearDown" classname="org.example.LoginPageCases" time="0">
    <skipped/>
  </testcase>
  <testcase name="tearDown" classname="org.example.LoginPageCases" time="0">
    <skipped/>
  </testcase>
  <testcase name="tearDown" classname="org.example.LoginPageCases" time="0">
    <skipped/>
  </testcase>
  <testcase name="tearDown" classname="org.example.LoginPageCases" time="0">
    <skipped/>
  </testcase>
  <testcase name="tearDown" classname="org.example.LoginPageCases" time="0">
    <skipped/>
  </testcase>
  <testcase name="setUp" classname="org.example.LoginPageCases" time="0">
    <skipped/>
  </testcase>
  <testcase name="setUp" classname="org.example.LoginPageCases" time="0">
    <skipped/>
  </testcase>
  <testcase name="setUp" classname="org.example.LoginPageCases" time="0">
    <skipped/>
  </testcase>
  <testcase name="setUp" classname="org.example.LoginPageCases" time="0">
    <skipped/>
  </testcase>
  <testcase name="basePageNavigation" classname="org.example.LoginPageCases" time="0">
    <skipped/>
  </testcase>
  <testcase name="basePageNavigation" classname="org.example.LoginPageCases" time="0">
    <skipped/>
  </testcase>
  <testcase name="basePageNavigation" classname="org.example.LoginPageCases" time="0">
    <skipped/>
  </testcase>
  <testcase name="basePageNavigation" classname="org.example.LoginPageCases" time="0">
    <skipped/>
  </testcase>
  <testcase name="basePageNavigation" classname="org.example.LoginPageCases" time="0">
    <skipped/>
    <system-err><![CDATA[1602186966732	Marionette	INFO	Listening on port 54823
1602186966816	Marionette	WARN	TLS certificate errors will be ignored for this session
Oct 08, 2020 4:56:06 PM org.openqa.selenium.remote.ProtocolHandshake createSession
INFO: Detected dialect: W3C
]]></system-err>
  </testcase>
  <testcase name="basePageNavigation" classname="org.example.LoginPageCases" time="0">
    <skipped/>
    <system-err><![CDATA[1602186967025	Marionette	INFO	Listening on port 54826
1602186967121	Marionette	WARN	TLS certificate errors will be ignored for this session
Oct 08, 2020 4:56:07 PM org.openqa.selenium.remote.ProtocolHandshake createSession
INFO: Detected dialect: W3C
]]></system-err>
  </testcase>
  <testcase name="loginWithoutEmailAndPassword" classname="org.example.LoginPageCases" time="0">
    <skipped message="&#10;Can inject only one of &lt;ITestContext, XmlTest, Method, Object[], ITestResult&gt; into a @AfterMethod annotated tearDown.&#10;For more information on native dependency injection please refer to http://testng.org/doc/documentation-main.html#native-dependency-injection"/>
  </testcase>
  <testcase name="loginWithInvalidPassword" classname="org.example.LoginPageCases" time="0">
    <skipped message="&#10;Can inject only one of &lt;ITestContext, XmlTest, Method, Object[], ITestResult&gt; into a @AfterMethod annotated tearDown.&#10;For more information on native dependency injection please refer to http://testng.org/doc/documentation-main.html#native-dependency-injection"/>
  </testcase>
</testsuite>