<?xml version="1.0" encoding="UTF-8"?>
<testsuite xmlns:xsi="http://www.w3.org/2001/XMLSchema-instance" xsi:noNamespaceSchemaLocation="https://maven.apache.org/surefire/maven-surefire-plugin/xsd/surefire-test-report.xsd" name="TestSuite" time="17.238" tests="2" errors="0" skipped="0" failures="1">
  <properties>
    <property name="gopherProxySet" value="false"/>
    <property name="awt.toolkit" value="sun.lwawt.macosx.LWCToolkit"/>
    <property name="java.specification.version" value="11"/>
    <property name="sun.cpu.isalist" value=""/>
    <property name="sun.jnu.encoding" value="UTF-8"/>
    <property name="java.class.path" value="/Applications/IntelliJ IDEA Edu.app/Contents/plugins/maven/lib/maven3/boot/plexus-classworlds.license:/Applications/IntelliJ IDEA Edu.app/Contents/plugins/maven/lib/maven3/boot/plexus-classworlds-2.6.0.jar"/>
    <property name="java.vm.vendor" value="Oracle Corporation"/>
    <property name="sun.arch.data.model" value="64"/>
    <property name="java.vendor.url" value="https://openjdk.java.net/"/>
    <property name="user.timezone" value="America/Montevideo"/>
    <property name="maven.conf" value="/Applications/IntelliJ IDEA Edu.app/Contents/plugins/maven/lib/maven3/conf"/>
    <property name="os.name" value="Mac OS X"/>
    <property name="java.vm.specification.version" value="11"/>
    <property name="sun.java.launcher" value="SUN_STANDARD"/>
    <property name="user.country" value="UY"/>
    <property name="sun.boot.library.path" value="/Library/Java/JavaVirtualMachines/jdk-11.0.7.jdk/Contents/Home/lib"/>
    <property name="sun.java.command" value="org.codehaus.classworlds.Launcher -Didea.version2020.1.2 test"/>
    <property name="http.nonProxyHosts" value="local|*.local|169.254/16|*.169.254/16"/>
    <property name="jdk.debug" value="release"/>
    <property name="maven.home" value="/Applications/IntelliJ IDEA Edu.app/Contents/plugins/maven/lib/maven3"/>
    <property name="sun.cpu.endian" value="little"/>
    <property name="user.home" value="/Users/emilianorodriguez"/>
    <property name="user.language" value="en"/>
    <property name="java.specification.vendor" value="Oracle Corporation"/>
    <property name="java.version.date" value="2020-04-14"/>
    <property name="java.home" value="/Library/Java/JavaVirtualMachines/jdk-11.0.7.jdk/Contents/Home"/>
    <property name="file.separator" value="/"/>
    <property name="java.vm.compressedOopsMode" value="Zero based"/>
    <property name="line.separator" value="&#10;"/>
    <property name="java.specification.name" value="Java Platform API Specification"/>
    <property name="java.vm.specification.vendor" value="Oracle Corporation"/>
    <property name="java.awt.graphicsenv" value="sun.awt.CGraphicsEnvironment"/>
    <property name="idea.version2020.1.2" value="true"/>
    <property name="sun.management.compiler" value="HotSpot 64-Bit Tiered Compilers"/>
    <property name="ftp.nonProxyHosts" value="local|*.local|169.254/16|*.169.254/16"/>
    <property name="java.runtime.version" value="11.0.7+8-LTS"/>
    <property name="user.name" value="emilianorodriguez"/>
    <property name="path.separator" value=":"/>
    <property name="os.version" value="10.15.7"/>
    <property name="java.runtime.name" value="Java(TM) SE Runtime Environment"/>
    <property name="file.encoding" value="UTF-8"/>
    <property name="guice.disable.misplaced.annotation.check" value="true"/>
    <property name="java.vm.name" value="Java HotSpot(TM) 64-Bit Server VM"/>
    <property name="java.vendor.version" value="18.9"/>
    <property name="maven.ext.class.path" value="/Applications/IntelliJ IDEA Edu.app/Contents/plugins/maven/lib/maven-event-listener.jar"/>
    <property name="java.vendor.url.bug" value="https://bugreport.java.com/bugreport/"/>
    <property name="java.io.tmpdir" value="/var/folders/0m/gb7z83vd0cj1xmtytxxw2tgm0000gn/T/"/>
    <property name="java.version" value="11.0.7"/>
    <property name="user.dir" value="/Users/emilianorodriguez/Desktop/AskmeAutomation"/>
    <property name="os.arch" value="x86_64"/>
    <property name="maven.multiModuleProjectDirectory" value="/Users/emilianorodriguez/Desktop/AskmeAutomation"/>
    <property name="java.vm.specification.name" value="Java Virtual Machine Specification"/>
    <property name="java.awt.printerjob" value="sun.lwawt.macosx.CPrinterJob"/>
    <property name="sun.os.patch.level" value="unknown"/>
    <property name="java.library.path" value="/Users/emilianorodriguez/Library/Java/Extensions:/Library/Java/Extensions:/Network/Library/Java/Extensions:/System/Library/Java/Extensions:/usr/lib/java:."/>
    <property name="java.vendor" value="Oracle Corporation"/>
    <property name="java.vm.info" value="mixed mode"/>
    <property name="java.vm.version" value="11.0.7+8-LTS"/>
    <property name="classworlds.conf" value="/Applications/IntelliJ IDEA Edu.app/Contents/plugins/maven/lib/maven3/bin/m2.conf"/>
    <property name="sun.io.unicode.encoding" value="UnicodeBig"/>
    <property name="java.class.version" value="55.0"/>
    <property name="socksNonProxyHosts" value="local|*.local|169.254/16|*.169.254/16"/>
  </properties>
  <testcase name="loginWithoutEmailAndPassword" classname="org.example.LoginPageTestCases" time="9.203"/>
  <testcase name="loginWithInvalidPassword" classname="org.example.LoginPageTestCases" time="9.984">
    <failure message="no such element: Unable to locate element: {&quot;method&quot;:&quot;xpath&quot;,&quot;selector&quot;:&quot;//label[contains(text(),&apos;Credenciales invalidas&apos;)]&quot;}&#10;  (Session info: chrome=85.0.4183.121)&#10;For documentation on this error, please visit: https://selenium.dev/exceptions/#no_such_element&#10;Build info: version: &apos;4.0.0-alpha-6&apos;, revision: &apos;5f43a29cfc&apos;&#10;System info: host: &apos;Emilianos-Mini.localdomain&apos;, ip: &apos;192.168.1.37&apos;, os.name: &apos;Mac OS X&apos;, os.arch: &apos;x86_64&apos;, os.version: &apos;10.15.7&apos;, java.version: &apos;11.0.7&apos;&#10;Driver info: org.openqa.selenium.chrome.ChromeDriver&#10;Capabilities {acceptInsecureCerts: false, browserName: chrome, browserVersion: 85.0.4183.121, chrome: {chromedriverVersion: 85.0.4183.87 (cd6713ebf92fa..., userDataDir: /var/folders/0m/gb7z83vd0cj...}, goog:chromeOptions: {debuggerAddress: localhost:54140}, javascriptEnabled: true, networkConnectionEnabled: false, pageLoadStrategy: normal, platform: MAC, platformName: MAC, proxy: Proxy(), setWindowRect: true, strictFileInteractability: false, timeouts: {implicit: 0, pageLoad: 300000, script: 30000}, unhandledPromptBehavior: dismiss and notify, webauthn:virtualAuthenticators: true}&#10;Session ID: 492bbed23253f6c2add9322fa3afaa66&#10;*** Element info: {Using=xpath, value=//label[contains(text(),&apos;Credenciales invalidas&apos;)]}" type="org.openqa.selenium.NoSuchElementException">org.openqa.selenium.NoSuchElementException: 
no such element: Unable to locate element: {"method":"xpath","selector":"//label[contains(text(),'Credenciales invalidas')]"}
  (Session info: chrome=85.0.4183.121)
For documentation on this error, please visit: https://selenium.dev/exceptions/#no_such_element
Build info: version: '4.0.0-alpha-6', revision: '5f43a29cfc'
System info: host: 'Emilianos-Mini.localdomain', ip: '192.168.1.37', os.name: 'Mac OS X', os.arch: 'x86_64', os.version: '10.15.7', java.version: '11.0.7'
Driver info: org.openqa.selenium.chrome.ChromeDriver
Capabilities {acceptInsecureCerts: false, browserName: chrome, browserVersion: 85.0.4183.121, chrome: {chromedriverVersion: 85.0.4183.87 (cd6713ebf92fa..., userDataDir: /var/folders/0m/gb7z83vd0cj...}, goog:chromeOptions: {debuggerAddress: localhost:54140}, javascriptEnabled: true, networkConnectionEnabled: false, pageLoadStrategy: normal, platform: MAC, platformName: MAC, proxy: Proxy(), setWindowRect: true, strictFileInteractability: false, timeouts: {implicit: 0, pageLoad: 300000, script: 30000}, unhandledPromptBehavior: dismiss and notify, webauthn:virtualAuthenticators: true}
Session ID: 492bbed23253f6c2add9322fa3afaa66
*** Element info: {Using=xpath, value=//label[contains(text(),'Credenciales invalidas')]}
	at org.example.LoginPageTestCases.loginWithInvalidPassword(LoginPageTestCases.java:19)
</failure>
    <system-out><![CDATA[**************
Screenshot stored at: /Users/emilianorodriguez/Desktop/AskmeAutomation/screenshots/loginWithInvalidPassword-Wed_Oct_07_19_50_36_UYT_2020.png
**************
]]></system-out>
  </testcase>
</testsuite>