<?xml version="1.0" encoding="UTF-8"?>
<!-- Generated by org.testng.reporters.JUnitReportReporter -->
<testsuite hostname="Emilianos-Mini.localdomain" failures="0" tests="12" name="org.example.AdminsTestCases" time="293.185" errors="0" timestamp="2020-11-20T14:09:19 UYT" skipped="0">
  <testcase classname="org.example.AdminsTestCases" name="myUserDontAppearsInTheList" time="35.382"/>
  <system-out/>
  <testcase classname="org.example.AdminsTestCases" name="createAnAdminWithInvalidEmail" time="22.443"/>
  <system-out/>
  <testcase classname="org.example.AdminsTestCases" name="editEmailOfCompanyUser" time="25.240"/>
  <system-out/>
  <testcase classname="org.example.AdminsTestCases" name="createAnAdminWithInvalidEmail" time="21.568"/>
  <system-out/>
  <testcase classname="org.example.AdminsTestCases" name="deleteAnCompanyAdmin" time="22.667"/>
  <system-out/>
  <testcase classname="org.example.AdminsTestCases" name="createAnAdminWithInvalidEmail" time="9.712"/>
  <system-out/>
  <testcase classname="org.example.AdminsTestCases" name="createAnAdminWithInvalidEmail" time="22.863"/>
  <system-out/>
  <testcase classname="org.example.AdminsTestCases" name="createVisualizatorAdmin" time="25.216"/>
  <system-out/>
  <testcase classname="org.example.AdminsTestCases" name="createAnAdminWithoutEmail" time="22.764"/>
  <system-out/>
  <testcase classname="org.example.AdminsTestCases" name="editEmailOfVisualizatorUser" time="37.236"/>
  <system-out/>
  <testcase classname="org.example.AdminsTestCases" name="createAnAdminWithoutConfirmPassword" time="22.784"/>
  <system-out/>
  <testcase classname="org.example.AdminsTestCases" name="createCompanyAdmin" time="25.310"/>
  <system-out/>
</testsuite> <!-- org.example.AdminsTestCases -->
