<?xml version="1.0" encoding="UTF-8"?>
<!-- Generated by org.testng.reporters.JUnitReportReporter -->
<testsuite hostname="Emilianos-Mini.localdomain" failures="0" tests="6" name="org.example.InfoUserTestCases" time="197.468" errors="0" timestamp="2020-11-20T14:09:19 UYT" skipped="0">
  <testcase classname="org.example.InfoUserTestCases" name="editMyEmail" time="35.828"/>
  <system-out/>
  <testcase classname="org.example.InfoUserTestCases" name="editMyInfoWithInvalidEmail" time="35.102"/>
  <system-out/>
  <testcase classname="org.example.InfoUserTestCases" name="editMyInfoIncorrectly" time="34.597"/>
  <system-out/>
  <testcase classname="org.example.InfoUserTestCases" name="editMyInfoWithInvalidEmail" time="21.736"/>
  <system-out/>
  <testcase classname="org.example.InfoUserTestCases" name="editMyInfoWithInvalidEmail" time="35.126"/>
  <system-out/>
  <testcase classname="org.example.InfoUserTestCases" name="editMyInfoWithInvalidEmail" time="35.079"/>
  <system-out/>
</testsuite> <!-- org.example.InfoUserTestCases -->
