<?xml version="1.0" encoding="UTF-8"?>
<!-- Generated by org.testng.reporters.JUnitReportReporter -->
<testsuite hostname="Emilianos-Mini.localdomain" failures="0" tests="8" name="org.example.LoginPageCases" time="94.525" errors="0" timestamp="2020-10-08T14:41:52 UYT" skipped="0">
  <testcase classname="org.example.LoginPageCases" name="loginWithInvalidEmail" time="8.852"/>
  <system-out/>
  <testcase classname="org.example.LoginPageCases" name="validateLoginFlow" time="12.368"/>
  <system-out/>
  <testcase classname="org.example.LoginPageCases" name="loginWithInvalidEmail" time="13.020"/>
  <system-out/>
  <testcase classname="org.example.LoginPageCases" name="loginWithInvalidPassword" time="11.413"/>
  <system-out/>
  <testcase classname="org.example.LoginPageCases" name="loginWithInvalidEmail" time="10.688"/>
  <system-out/>
  <testcase classname="org.example.LoginPageCases" name="validateLoginFlow" time="7.714"/>
  <system-out/>
  <testcase classname="org.example.LoginPageCases" name="loginWithoutEmailAndPassword" time="17.176"/>
  <system-out/>
  <testcase classname="org.example.LoginPageCases" name="loginWithInvalidEmail" time="13.294"/>
  <system-out/>
</testsuite> <!-- org.example.LoginPageCases -->
