<?xml version="1.0" encoding="UTF-8"?>
<!-- Generated by org.testng.reporters.JUnitReportReporter -->
<testsuite hostname="Emilianos-Mini.localdomain" failures="0" tests="27" name="org.example.SurveyPageTestCases" time="821.535" errors="0" timestamp="2020-11-20T14:09:19 UYT" skipped="0">
  <testcase classname="org.example.SurveyPageTestCases" name="createASurvey" time="27.472"/>
  <system-out/>
  <testcase classname="org.example.SurveyPageTestCases" name="addDescriptionToAnExistentContactTypeQuestion" time="24.987"/>
  <system-out/>
  <testcase classname="org.example.SurveyPageTestCases" name="addFacesQuestionToSurveyWithoutSatisfactionIndex" time="24.969"/>
  <system-out/>
  <testcase classname="org.example.SurveyPageTestCases" name="addMultipleOptionQuestionToSurveyWithSixOptions" time="30.884"/>
  <system-out/>
  <testcase classname="org.example.SurveyPageTestCases" name="addFacesQuestionToSurveyWithoutSatisfactionIndexAndText" time="29.918"/>
  <system-out/>
  <testcase classname="org.example.SurveyPageTestCases" name="editDescriptionToAContactTypeQuestion" time="27.718"/>
  <system-out/>
  <testcase classname="org.example.SurveyPageTestCases" name="editTitleQuestionScaleType" time="27.060"/>
  <system-out/>
  <testcase classname="org.example.SurveyPageTestCases" name="editTitleQuestionTextType" time="26.199"/>
  <system-out/>
  <testcase classname="org.example.SurveyPageTestCases" name="addAreaToSurvey" time="24.026"/>
  <system-out/>
  <testcase classname="org.example.SurveyPageTestCases" name="addMultipleOptionQuestionToSurveyWithTwoEmptyOptions" time="57.332"/>
  <system-out/>
  <testcase classname="org.example.SurveyPageTestCases" name="addMultipleOptionQuestionToSurveyWithThreeOptionsOneEmpty" time="26.460"/>
  <system-out/>
  <testcase classname="org.example.SurveyPageTestCases" name="editTitleQuestionContactType" time="28.778"/>
  <system-out/>
  <testcase classname="org.example.SurveyPageTestCases" name="assignAllTheAreasPosiblesInASurvey" time="95.144"/>
  <system-out/>
  <testcase classname="org.example.SurveyPageTestCases" name="addScaleQuestionToSurveyWithoutText" time="25.909"/>
  <system-out/>
  <testcase classname="org.example.SurveyPageTestCases" name="editASurvey" time="31.231"/>
  <system-out/>
  <testcase classname="org.example.SurveyPageTestCases" name="addMultipleOptionQuestionToSurveyWithTwoOptions" time="28.156"/>
  <system-out/>
  <testcase classname="org.example.SurveyPageTestCases" name="addAContactTypeQuestionWithSubtypeMobileNumberWithoutDescription" time="25.408"/>
  <system-out/>
  <testcase classname="org.example.SurveyPageTestCases" name="addAContactTypeQuestionWithSubtypeIDWithoutDescription" time="27.967"/>
  <system-out/>
  <testcase classname="org.example.SurveyPageTestCases" name="addFacesQuestionToSurveyWithSatisfactionIndex" time="24.782"/>
  <system-out/>
  <testcase classname="org.example.SurveyPageTestCases" name="addFacesQuestionToSurveyWithSatisfactionIndexAndWithoutText" time="28.120"/>
  <system-out/>
  <testcase classname="org.example.SurveyPageTestCases" name="createASurveyWithoutName" time="21.866"/>
  <system-out/>
  <testcase classname="org.example.SurveyPageTestCases" name="addAContactTypeQuestionWithSubtypeEmailWithoutDescription" time="27.285"/>
  <system-out/>
  <testcase classname="org.example.SurveyPageTestCases" name="unassingASurveyArea" time="25.717"/>
  <system-out/>
  <testcase classname="org.example.SurveyPageTestCases" name="addScaleQuestionToSurvey" time="27.731"/>
  <system-out/>
  <testcase classname="org.example.SurveyPageTestCases" name="addATextQuestionToSurvey" time="24.708"/>
  <system-out/>
  <testcase classname="org.example.SurveyPageTestCases" name="addAContactTypeQuestionWithSubtypeIDWithDescription" time="25.566"/>
  <system-out/>
  <testcase classname="org.example.SurveyPageTestCases" name="addAContactTypeQuestionWithSubtypeMobileNumberWithDescription" time="26.142"/>
  <system-out/>
</testsuite> <!-- org.example.SurveyPageTestCases -->
